<?xml version="1.0" encoding="UTF-8"?>
<!-- Generated by org.testng.reporters.JUnitReportReporter -->
<testsuite hostname="LAPTOP-CU78B49A" failures="0" tests="1" name="com.akbr.testcases.DataDriventestingUsingJSON" time="5.971" errors="0" timestamp="2020-05-17T12:35:14 IST" skipped="0">
  <testcase classname="com.akbr.testcases.DataDriventestingUsingJSON" name="DataDrivenTestingUsingJSON" time="5.971"/>
</testsuite> <!-- com.akbr.testcases.DataDriventestingUsingJSON -->
