<?xml version="1.0" encoding="UTF-8"?>
<!-- Generated by org.testng.reporters.JUnitReportReporter -->
<testsuite hostname="LAPTOP-CU78B49A" failures="0" tests="2" name="com.akbr.testngpractice.Groups_in_Groups" time="0.029" errors="0" timestamp="2020-06-12T13:31:33 IST" skipped="0">
  <testcase classname="com.akbr.testngpractice.Groups_in_Groups" name="test1" time="0.027"/>
  <testcase classname="com.akbr.testngpractice.Groups_in_Groups" name="test2" time="0.002"/>
</testsuite> <!-- com.akbr.testngpractice.Groups_in_Groups -->
