<?xml version="1.0" encoding="UTF-8"?>
<!-- Generated by org.testng.reporters.JUnitReportReporter -->
<testsuite hostname="LAPTOP-CU78B49A" failures="0" tests="2" name="com.akbr.testngpractice.Regular_Expression" time="0.020" errors="0" timestamp="2020-06-12T13:22:28 IST" skipped="0">
  <testcase classname="com.akbr.testngpractice.Regular_Expression" name="test_case1" time="0.018"/>
  <testcase classname="com.akbr.testngpractice.Regular_Expression" name="test_case2" time="0.002"/>
</testsuite> <!-- com.akbr.testngpractice.Regular_Expression -->
