<?xml version="1.0" encoding="UTF-8"?>
<!-- Generated by org.testng.reporters.JUnitReportReporter -->
<testsuite hostname="LAPTOP-CU78B49A" failures="0" tests="2" name="com.akbr.testngpractice.BeforeClass1" time="0.010" errors="0" timestamp="2020-12-10T13:03:46 IST" skipped="0">
  <testcase classname="com.akbr.testngpractice.BeforeClass1" name="testcase1" time="0.008"/>
  <testcase classname="com.akbr.testngpractice.BeforeClass1" name="testcase2" time="0.002"/>
</testsuite> <!-- com.akbr.testngpractice.BeforeClass1 -->
