<?xml version="1.0" encoding="UTF-8"?>
<!-- Generated by org.testng.reporters.JUnitReportReporter -->
<testsuite hostname="LAPTOP-CU78B49A" failures="0" tests="3" name="com.akbr.testngpractice.Groups_in_Groups" time="0.025" errors="0" timestamp="2020-12-10T14:59:23 IST" skipped="0">
  <testcase classname="com.akbr.testngpractice.Groups_in_Groups" name="test1" time="0.020"/>
  <testcase classname="com.akbr.testngpractice.Groups_in_Groups" name="test2" time="0.003"/>
  <testcase classname="com.akbr.testngpractice.Groups_in_Groups" name="test3" time="0.002"/>
</testsuite> <!-- com.akbr.testngpractice.Groups_in_Groups -->
