<?xml version="1.0" encoding="UTF-8"?>
<!-- Generated by org.testng.reporters.JUnitReportReporter -->
<testsuite hostname="LAPTOP-CU78B49A" failures="0" tests="2" name="com.akbr.testngpractice.BeforeMethodTest" time="0.017" errors="0" timestamp="2020-06-12T23:07:33 IST" skipped="0">
  <testcase classname="com.akbr.testngpractice.BeforeMethodTest" name="difference" time="0.016"/>
  <testcase classname="com.akbr.testngpractice.BeforeMethodTest" name="sum" time="0.001"/>
</testsuite> <!-- com.akbr.testngpractice.BeforeMethodTest -->
