<?xml version="1.0" encoding="UTF-8"?>
<!-- Generated by org.testng.reporters.JUnitReportReporter -->
<testsuite hostname="LAPTOP-CU78B49A" failures="0" tests="3" name="com.akbr.testngpractice.Groups" time="0.032" errors="0" timestamp="2020-12-10T14:58:15 IST" skipped="0">
  <testcase classname="com.akbr.testngpractice.Groups" name="testcase1" time="0.029"/>
  <testcase classname="com.akbr.testngpractice.Groups" name="testcase2" time="0.002"/>
  <testcase classname="com.akbr.testngpractice.Groups" name="testcase3" time="0.001"/>
</testsuite> <!-- com.akbr.testngpractice.Groups -->
