<?xml version="1.0" encoding="UTF-8"?>
<!-- Generated by org.testng.reporters.JUnitReportReporter -->
<testsuite skipped="0" hostname="LAPTOP-CU78B49A" name="com.akbr.testcases.TestBarCodeReader" tests="1" failures="0" timestamp="2019-10-26T00:39:15 IST" time="10.955" errors="0">
  <testcase name="testBarCodeReader" time="10.955" classname="com.akbr.testcases.TestBarCodeReader"/>
</testsuite> <!-- com.akbr.testcases.TestBarCodeReader -->
