<?xml version="1.0" encoding="UTF-8"?>
<!-- Generated by org.testng.reporters.JUnitReportReporter -->
<testsuite hostname="LAPTOP-CU78B49A" failures="0" tests="4" name="com.akbr.testngpractice.Groups" time="0.030" errors="0" timestamp="2020-06-12T05:40:54 IST" skipped="0">
  <testcase classname="com.akbr.testngpractice.Groups" name="testcase2" time="0.004"/>
  <testcase classname="com.akbr.testngpractice.Groups" name="testcase2" time="0.004"/>
  <testcase classname="com.akbr.testngpractice.Groups" name="testcase3" time="0.005"/>
  <testcase classname="com.akbr.testngpractice.Groups" name="testcase1" time="0.017"/>
</testsuite> <!-- com.akbr.testngpractice.Groups -->
