<?xml version="1.0" encoding="UTF-8"?>
<!-- Generated by org.testng.reporters.JUnitReportReporter -->
<testsuite hostname="LAPTOP-CU78B49A" failures="0" tests="1" name="com.akbr.testngpractice.Car_loan" time="0.001" errors="0" timestamp="2020-06-12T05:35:25 IST" skipped="0">
  <testcase classname="com.akbr.testngpractice.Car_loan" name="APILoginCarLoan" time="0.001"/>
</testsuite> <!-- com.akbr.testngpractice.Car_loan -->
