<?xml version="1.0" encoding="UTF-8"?>
<!-- Generated by org.testng.reporters.JUnitReportReporter -->
<testsuite hostname="LAPTOP-CU78B49A" failures="0" tests="1" name="com.akbr.testcases.HowToReadAndWriteDataInExcel" time="2.148" errors="0" timestamp="2020-12-09T17:51:27 IST" skipped="0">
  <testcase classname="com.akbr.testcases.HowToReadAndWriteDataInExcel" name="readAndWriteDataInExcel" time="2.148"/>
</testsuite> <!-- com.akbr.testcases.HowToReadAndWriteDataInExcel -->
