<?xml version="1.0" encoding="UTF-8"?>
<!-- Generated by org.testng.reporters.JUnitReportReporter -->
<testsuite hostname="LAPTOP-CU78B49A" failures="0" tests="3" name="com.akbr.testngpractice.After_Method" time="0.016" errors="0" timestamp="2020-06-12T23:11:40 IST" skipped="0">
  <testcase classname="com.akbr.testngpractice.After_Method" name="java_programmers" time="0.002"/>
  <testcase classname="com.akbr.testngpractice.After_Method" name="c_programmers" time="0.013"/>
  <testcase classname="com.akbr.testngpractice.After_Method" name="dotnet_developer" time="0.001"/>
</testsuite> <!-- com.akbr.testngpractice.After_Method -->
