<?xml version="1.0" encoding="UTF-8"?>
<!-- Generated by org.testng.reporters.JUnitReportReporter -->
<testsuite hostname="LAPTOP-CU78B49A" failures="0" tests="1" name="com.akbr.testngpractice.Sum" time="0.022" errors="0" timestamp="2020-12-10T15:08:14 IST" skipped="0">
  <testcase classname="com.akbr.testngpractice.Sum" name="add" time="0.022"/>
</testsuite> <!-- com.akbr.testngpractice.Sum -->
