<?xml version="1.0" encoding="UTF-8"?>
<!-- Generated by org.testng.reporters.JUnitReportReporter -->
<testsuite skipped="0" hostname="LAPTOP-CU78B49A" name="com.akbr.testcases.TestBarCodeReader" tests="1" failures="0" timestamp="2019-10-26T12:47:13 IST" time="11.700" errors="0">
  <testcase name="testBarCodeReader" time="11.700" classname="com.akbr.testcases.TestBarCodeReader"/>
</testsuite> <!-- com.akbr.testcases.TestBarCodeReader -->
