<?xml version="1.0" encoding="UTF-8"?>
<!-- Generated by org.testng.reporters.JUnitReportReporter -->
<testsuite hostname="LAPTOP-CU78B49A" failures="0" tests="1" name="com.akbr.testcases.HowToReadAndWriteDataInExcel" time="1.222" errors="0" timestamp="2020-01-23T23:54:51 IST" skipped="0">
  <testcase classname="com.akbr.testcases.HowToReadAndWriteDataInExcel" name="readAndWriteDataInExcel" time="1.222"/>
</testsuite> <!-- com.akbr.testcases.HowToReadAndWriteDataInExcel -->
