<?xml version="1.0" encoding="UTF-8"?>
<!-- Generated by org.testng.reporters.JUnitReportReporter -->
<testsuite hostname="LAPTOP-CU78B49A" failures="0" tests="2" name="com.akbr.testngpractice.LoginData" time="0.020" errors="0" timestamp="2020-12-09T15:09:49 IST" skipped="0">
  <testcase classname="com.akbr.testngpractice.LoginData" name="getLoginData" time="0.003"/>
  <testcase classname="com.akbr.testngpractice.LoginData" name="getLoginData" time="0.017"/>
</testsuite> <!-- com.akbr.testngpractice.LoginData -->
