<?xml version="1.0" encoding="UTF-8"?>
<!-- Generated by org.testng.reporters.JUnitReportReporter -->
<testsuite hostname="LAPTOP-CU78B49A" failures="0" tests="1" name="com.akbr.testngpractice.Class1" time="0.009" errors="0" timestamp="2020-06-12T22:15:48 IST" skipped="0">
  <testcase classname="com.akbr.testngpractice.Class1" name="testcase2" time="0.009"/>
</testsuite> <!-- com.akbr.testngpractice.Class1 -->
