<?xml version="1.0" encoding="UTF-8"?>
<!-- Generated by org.testng.reporters.JUnitReportReporter -->
<testsuite hostname="LAPTOP-CU78B49A" failures="0" tests="3" name="com.akbr.testngpractice.DependsOnMethods" time="0.027" errors="0" timestamp="2020-06-12T23:59:46 IST" skipped="0">
  <testcase classname="com.akbr.testngpractice.DependsOnMethods" name="WebStudentLogin" time="0.004"/>
  <testcase classname="com.akbr.testngpractice.DependsOnMethods" name="MobileStudentLogin" time="0.021"/>
  <testcase classname="com.akbr.testngpractice.DependsOnMethods" name="APIStudentLogin" time="0.002"/>
</testsuite> <!-- com.akbr.testngpractice.DependsOnMethods -->
