<?xml version="1.0" encoding="UTF-8"?>
<!-- Generated by org.testng.reporters.JUnitReportReporter -->
<testsuite hostname="LAPTOP-CU78B49A" failures="0" tests="2" name="com.akbr.testngpractice.BeforeMethodTest" time="0.019" errors="0" timestamp="2020-12-10T13:20:03 IST" skipped="0">
  <testcase classname="com.akbr.testngpractice.BeforeMethodTest" name="difference" time="0.015"/>
  <testcase classname="com.akbr.testngpractice.BeforeMethodTest" name="sum" time="0.004"/>
</testsuite> <!-- com.akbr.testngpractice.BeforeMethodTest -->
