<?xml version="1.0" encoding="UTF-8"?>
<!-- Generated by org.testng.reporters.JUnitReportReporter -->
<testsuite hostname="LAPTOP-CU78B49A" failures="0" tests="4" name="com.akbr.testngpractice.TestNGAnnotationTest1" time="0.013" errors="0" timestamp="2020-06-12T05:10:52 IST" skipped="1">
  <testcase classname="com.akbr.testngpractice.TestNGAnnotationTest1" name="LoginAPICarLoan" time="0.011"/>
  <testcase classname="com.akbr.testngpractice.TestNGAnnotationTest1" name="firstAnnotationTest" time="0.001"/>
  <testcase classname="com.akbr.testngpractice.TestNGAnnotationTest1" name="test2" time="0.001"/>
  <testcase classname="com.akbr.testngpractice.TestNGAnnotationTest1" name="test1">
    <skipped/>
  </testcase> <!-- test1 -->
</testsuite> <!-- com.akbr.testngpractice.TestNGAnnotationTest1 -->
