<?xml version="1.0" encoding="UTF-8"?>
<!-- Generated by org.testng.reporters.JUnitReportReporter -->
<testsuite hostname="LAPTOP-CU78B49A" failures="0" tests="3" name="com.akbr.testngpractice.PriorityTest" time="0.029" errors="0" timestamp="2020-06-13T00:12:59 IST" skipped="0">
  <testcase classname="com.akbr.testngpractice.PriorityTest" name="watermelon" time="0.025"/>
  <testcase classname="com.akbr.testngpractice.PriorityTest" name="apple" time="0.002"/>
  <testcase classname="com.akbr.testngpractice.PriorityTest" name="mango" time="0.002"/>
</testsuite> <!-- com.akbr.testngpractice.PriorityTest -->
