<?xml version="1.0" encoding="UTF-8"?>
<!-- Generated by org.testng.reporters.JUnitReportReporter -->
<testsuite hostname="LAPTOP-CU78B49A" failures="0" tests="1" name="com.akbr.testngpractice.Subtract" time="0.002" errors="0" timestamp="2020-06-13T02:10:30 IST" skipped="0">
  <testcase classname="com.akbr.testngpractice.Subtract" name="add" time="0.002"/>
</testsuite> <!-- com.akbr.testngpractice.Subtract -->
