<?xml version="1.0" encoding="UTF-8"?>
<!-- Generated by org.testng.reporters.JUnitReportReporter -->
<testsuite hostname="LAPTOP-CU78B49A" failures="0" tests="1" name="com.akbr.testngpractice.Personal_loan" time="0.005" errors="0" timestamp="2020-12-10T13:48:31 IST" skipped="0">
  <testcase classname="com.akbr.testngpractice.Personal_loan" name="personal_loan" time="0.005"/>
</testsuite> <!-- com.akbr.testngpractice.Personal_loan -->
