<?xml version="1.0" encoding="UTF-8"?>
<!-- Generated by org.testng.reporters.JUnitReportReporter -->
<testsuite hostname="LAPTOP-CU78B49A" failures="0" tests="2" name="com.akbr.testngpractice.DataProviderTest1" time="0.025" errors="0" timestamp="2020-12-09T15:03:06 IST" skipped="0">
  <testcase classname="com.akbr.testngpractice.DataProviderTest1" name="myTest" time="0.002"/>
  <testcase classname="com.akbr.testngpractice.DataProviderTest1" name="myTest" time="0.023"/>
</testsuite> <!-- com.akbr.testngpractice.DataProviderTest1 -->
