<?xml version="1.0" encoding="UTF-8"?>
<!-- Generated by org.testng.reporters.JUnitReportReporter -->
<testsuite hostname="LAPTOP-CU78B49A" failures="0" tests="3" name="com.akbr.testngpractice.After_Groups" time="0.016" errors="0" timestamp="2020-06-12T23:21:02 IST" skipped="0">
  <testcase classname="com.akbr.testngpractice.After_Groups" name="testcase1" time="0.011"/>
  <testcase classname="com.akbr.testngpractice.After_Groups" name="testcase2" time="0.003"/>
  <testcase classname="com.akbr.testngpractice.After_Groups" name="testcase3" time="0.002"/>
</testsuite> <!-- com.akbr.testngpractice.After_Groups -->
